::1 - - [25/Oct/2025 00:18:29] "HEAD /index.html HTTP/1.1" 200 -
::1 - - [25/Oct/2025 00:19:18] "GET / HTTP/1.1" 200 -
::1 - - [25/Oct/2025 00:20:24] "GET / HTTP/1.1" 200 -
::1 - - [25/Oct/2025 00:20:39] "GET / HTTP/1.1" 200 -
::1 - - [25/Oct/2025 00:27:08] "GET / HTTP/1.1" 200 -
::1 - - [25/Oct/2025 00:27:15] "GET / HTTP/1.1" 200 -
::1 - - [25/Oct/2025 00:27:15] "GET /src/data/app-data.js HTTP/1.1" 200 -
::1 - - [25/Oct/2025 00:32:56] "GET / HTTP/1.1" 200 -
::1 - - [25/Oct/2025 00:34:45] "GET / HTTP/1.1" 200 -
::1 - - [25/Oct/2025 00:34:45] "GET /src/data/app-data.js HTTP/1.1" 200 -
::1 - - [25/Oct/2025 00:42:58] "GET / HTTP/1.1" 200 -
::1 - - [25/Oct/2025 00:53:27] "GET / HTTP/1.1" 200 -
::1 - - [25/Oct/2025 00:53:27] "GET /src/pages/HomePage.js HTTP/1.1" 200 -
::1 - - [25/Oct/2025 00:53:27] "GET /src/pages/GroupsPage.js HTTP/1.1" 200 -
::1 - - [25/Oct/2025 00:53:27] "GET /src/data/app-data.js HTTP/1.1" 304 -
::1 - - [25/Oct/2025 00:53:27] "GET /src/pages/CreateGroupPage.js HTTP/1.1" 200 -
::1 - - [25/Oct/2025 00:53:27] "GET /src/pages/GroupDetailPage.js HTTP/1.1" 200 -
::1 - - [25/Oct/2025 00:53:32] code 404, message File not found
::1 - - [25/Oct/2025 00:53:32] "GET /.well-known/appspecific/com.chrome.devtools.json HTTP/1.1" 404 -
::1 - - [25/Oct/2025 00:57:33] "GET / HTTP/1.1" 200 -
::1 - - [25/Oct/2025 00:57:33] code 404, message File not found
::1 - - [25/Oct/2025 00:57:33] "GET /.well-known/appspecific/com.chrome.devtools.json HTTP/1.1" 404 -
::1 - - [25/Oct/2025 00:57:33] "GET /src/data/app-data.js HTTP/1.1" 304 -
::1 - - [25/Oct/2025 01:07:36] "GET / HTTP/1.1" 200 -
::1 - - [25/Oct/2025 01:07:36] "GET /circular-gallery-standalone.js HTTP/1.1" 200 -
::1 - - [25/Oct/2025 01:07:36] "GET /src/data/app-data.js HTTP/1.1" 304 -
::1 - - [25/Oct/2025 01:07:36] code 404, message File not found
::1 - - [25/Oct/2025 01:07:36] "GET /.well-known/appspecific/com.chrome.devtools.json HTTP/1.1" 404 -
::1 - - [25/Oct/2025 01:25:51] "GET / HTTP/1.1" 200 -
::1 - - [25/Oct/2025 01:25:51] "GET /circular-gallery-standalone.js HTTP/1.1" 304 -
::1 - - [25/Oct/2025 01:25:51] "GET /src/data/app-data.js HTTP/1.1" 304 -
::1 - - [25/Oct/2025 01:32:59] "GET / HTTP/1.1" 200 -
::1 - - [25/Oct/2025 01:32:59] "GET /src/data/app-data.js HTTP/1.1" 304 -
::1 - - [25/Oct/2025 01:33:10] code 404, message File not found
::1 - - [25/Oct/2025 01:33:10] code 404, message File not found
::1 - - [25/Oct/2025 01:33:10] "GET /marker-shadow.png HTTP/1.1" 404 -
::1 - - [25/Oct/2025 01:33:10] "GET /marker-icon.png HTTP/1.1" 404 -
::1 - - [25/Oct/2025 02:04:07] "GET / HTTP/1.1" 200 -
::1 - - [25/Oct/2025 02:04:07] "GET /circular-gallery-standalone.js HTTP/1.1" 304 -
::1 - - [25/Oct/2025 02:04:07] "GET /src/data/app-data.js HTTP/1.1" 304 -
